<?xml version="1.0" encoding="UTF-8"?>
<testsuite xmlns:xsi="http://www.w3.org/2001/XMLSchema-instance" xsi:noNamespaceSchemaLocation="https://maven.apache.org/surefire/maven-surefire-plugin/xsd/surefire-test-report.xsd" name="com.mrwang.ElasticSearchTest" time="6.937" tests="4" errors="0" skipped="0" failures="0">
  <properties>
[...]
</properties>
  <testcase name="create" classname="com.mrwang.ElasticSearchTest" time="0.064"/>
  <testcase name="findAll" classname="com.mrwang.ElasticSearchTest" time="0.189"/>
  <testcase name="save" classname="com.mrwang.ElasticSearchTest" time="0.112"/>
  <testcase name="count" classname="com.mrwang.ElasticSearchTest" time="0.009"/>
</testsuite>